2025-02-26 05:09:49,584 - INFO - app - Е╨■Г■╗Г╗▀Е╨▐Е░╞Е┼╗
2025-02-26 05:09:49,930 - INFO - app - Д╦╩Г╙≈Е▐ёЕ┬⌡Е╩╨Ф┬░Е┼÷
2025-02-26 05:11:49,897 - INFO - app - Е╨■Г■╗Г╗▀Е╨▐Е░╞Е┼╗
2025-02-26 05:11:50,225 - INFO - app - Д╦╩Г╙≈Е▐ёЕ┬⌡Е╩╨Ф┬░Е┼÷
2025-02-26 05:14:02,091 - INFO - app - Е╨■Г■╗Г╗▀Е╨▐Е░╞Е┼╗
2025-02-26 05:14:02,420 - INFO - app - Д╦╩Г╙≈Е▐ёЕ┬⌡Е╩╨Ф┬░Е┼÷
2025-02-26 05:15:06,405 - INFO - app - Е╨■Г■╗Г╗▀Е╨▐Е░╞Е┼╗
2025-02-26 05:15:06,730 - INFO - app - Д╦╩Г╙≈Е▐ёЕ┬⌡Е╩╨Ф┬░Е┼÷
2025-02-26 05:16:56,599 - INFO - app - Е╨■Г■╗Г╗▀Е╨▐Е░╞Е┼╗
2025-02-26 05:16:56,933 - INFO - app - Д╦╩Г╙≈Е▐ёЕ┬⌡Е╩╨Ф┬░Е┼÷
2025-02-26 05:41:03,792 - app - INFO - === о╣мЁпео╒ ===
2025-02-26 05:41:03,801 - app - INFO - ╡ывВо╣мЁ: win32
2025-02-26 05:41:03,801 - app - INFO - Python╟Ф╠╬: 3.12.9
2025-02-26 05:41:03,801 - app - INFO - Tkinter╟Ф╠╬: 8.6
2025-02-26 05:41:38,270 - app - INFO - === о╣мЁпео╒ ===
2025-02-26 05:41:38,270 - app - INFO - ╡ывВо╣мЁ: win32
2025-02-26 05:41:38,270 - app - INFO - Python╟Ф╠╬: 3.12.9
2025-02-26 05:41:38,270 - app - INFO - Tkinter╟Ф╠╬: 8.6
2025-02-26 05:42:16,938 - app - INFO - === о╣мЁпео╒ ===
2025-02-26 05:42:16,938 - app - INFO - ╡ывВо╣мЁ: win32
2025-02-26 05:42:16,938 - app - INFO - Python╟Ф╠╬: 3.12.9
2025-02-26 05:42:16,938 - app - INFO - Tkinter╟Ф╠╬: 8.6
2025-02-26 05:42:56,825 - app - INFO - === о╣мЁпео╒ ===
2025-02-26 05:42:56,825 - app - INFO - ╡ывВо╣мЁ: win32
2025-02-26 05:42:56,825 - app - INFO - Python╟Ф╠╬: 3.12.9
2025-02-26 05:42:56,825 - app - INFO - Tkinter╟Ф╠╬: 8.6
2025-02-26 05:43:54,848 - app - INFO - === о╣мЁпео╒ ===
2025-02-26 05:43:54,848 - app - INFO - ╡ывВо╣мЁ: win32
2025-02-26 05:43:54,848 - app - INFO - Python╟Ф╠╬: 3.12.9
2025-02-26 05:43:54,848 - app - INFO - Tkinter╟Ф╠╬: 8.6
2025-02-26 05:44:33,186 - app - INFO - === о╣мЁпео╒ ===
2025-02-26 05:44:33,186 - app - INFO - ╡ывВо╣мЁ: win32
2025-02-26 05:44:33,186 - app - INFO - Python╟Ф╠╬: 3.12.9
2025-02-26 05:44:33,186 - app - INFO - Tkinter╟Ф╠╬: 8.6
2025-02-26 05:45:02,116 - app - INFO - === о╣мЁпео╒ ===
2025-02-26 05:45:02,116 - app - INFO - ╡ывВо╣мЁ: win32
2025-02-26 05:45:02,116 - app - INFO - Python╟Ф╠╬: 3.12.9
2025-02-26 05:45:02,116 - app - INFO - Tkinter╟Ф╠╬: 8.6
2025-02-26 05:45:42,634 - app - INFO - === о╣мЁпео╒ ===
2025-02-26 05:45:42,634 - app - INFO - ╡ывВо╣мЁ: win32
2025-02-26 05:45:42,634 - app - INFO - Python╟Ф╠╬: 3.12.9
2025-02-26 05:45:42,634 - app - INFO - Tkinter╟Ф╠╬: 8.6
2025-02-26 05:47:56,675 - app - INFO - === о╣мЁпео╒ ===
2025-02-26 05:47:56,675 - app - INFO - ╡ывВо╣мЁ: win32
2025-02-26 05:47:56,675 - app - INFO - Python╟Ф╠╬: 3.12.9
2025-02-26 05:47:56,675 - app - INFO - Tkinter╟Ф╠╬: 8.6
2025-02-26 05:48:19,692 - app - INFO - === о╣мЁпео╒ ===
2025-02-26 05:48:19,692 - app - INFO - ╡ывВо╣мЁ: win32
2025-02-26 05:48:19,692 - app - INFO - Python╟Ф╠╬: 3.12.9
2025-02-26 05:48:19,692 - app - INFO - Tkinter╟Ф╠╬: 8.6
2025-02-26 05:52:26,112 - app - INFO - === о╣мЁпео╒ ===
2025-02-26 05:52:26,112 - app - INFO - ╡ывВо╣мЁ: win32
2025-02-26 05:52:26,112 - app - INFO - Python╟Ф╠╬: 3.12.9
2025-02-26 05:52:26,112 - app - INFO - Tkinter╟Ф╠╬: 8.6
2025-02-26 05:54:48,758 - app - INFO - === о╣мЁпео╒ ===
2025-02-26 05:54:48,758 - app - INFO - ╡ывВо╣мЁ: win32
2025-02-26 05:54:48,758 - app - INFO - Python╟Ф╠╬: 3.12.9
2025-02-26 05:54:48,758 - app - INFO - Tkinter╟Ф╠╬: 8.6
2025-02-26 05:55:42,859 - app - INFO - === о╣мЁпео╒ ===
2025-02-26 05:55:42,859 - app - INFO - ╡ывВо╣мЁ: win32
2025-02-26 05:55:42,859 - app - INFO - Python╟Ф╠╬: 3.12.9
2025-02-26 05:55:42,859 - app - INFO - Tkinter╟Ф╠╬: 8.6
2025-02-26 05:56:42,368 - app - INFO - === о╣мЁпео╒ ===
2025-02-26 05:56:42,368 - app - INFO - ╡ывВо╣мЁ: win32
2025-02-26 05:56:42,368 - app - INFO - Python╟Ф╠╬: 3.12.9
2025-02-26 05:56:42,368 - app - INFO - Tkinter╟Ф╠╬: 8.6
2025-02-26 05:58:36,665 - app - INFO - === о╣мЁпео╒ ===
2025-02-26 05:58:36,665 - app - INFO - ╡ывВо╣мЁ: win32
2025-02-26 05:58:36,665 - app - INFO - Python╟Ф╠╬: 3.12.9
2025-02-26 05:58:36,665 - app - INFO - Tkinter╟Ф╠╬: 8.6
2025-02-26 06:23:10,062 - app - INFO - === о╣мЁпео╒ ===
2025-02-26 06:23:10,064 - app - INFO - ╡ывВо╣мЁ: win32
2025-02-26 06:23:10,064 - app - INFO - Python╟Ф╠╬: 3.12.9
2025-02-26 06:23:10,064 - app - INFO - Tkinter╟Ф╠╬: 8.6
2025-02-26 06:23:18,638 - app - INFO - === о╣мЁпео╒ ===
2025-02-26 06:23:18,638 - app - INFO - ╡ывВо╣мЁ: win32
2025-02-26 06:23:18,638 - app - INFO - Python╟Ф╠╬: 3.12.9
2025-02-26 06:23:18,638 - app - INFO - Tkinter╟Ф╠╬: 8.6
2025-02-26 06:28:47,086 - app - INFO - === о╣мЁпео╒ ===
2025-02-26 06:28:47,086 - app - INFO - ╡ывВо╣мЁ: win32
2025-02-26 06:28:47,086 - app - INFO - Python╟Ф╠╬: 3.12.9
2025-02-26 06:28:47,086 - app - INFO - Tkinter╟Ф╠╬: 8.6
2025-02-26 06:36:11,981 - app - INFO - === о╣мЁпео╒ ===
2025-02-26 06:36:11,983 - app - INFO - ╡ывВо╣мЁ: win32
2025-02-26 06:36:11,983 - app - INFO - Python╟Ф╠╬: 3.12.9
2025-02-26 06:36:11,983 - app - INFO - Tkinter╟Ф╠╬: 8.6
2025-02-26 06:40:18,288 - app - INFO - === о╣мЁпео╒ ===
2025-02-26 06:40:18,288 - app - INFO - ╡ывВо╣мЁ: win32
2025-02-26 06:40:18,288 - app - INFO - Python╟Ф╠╬: 3.12.9
2025-02-26 06:40:18,288 - app - INFO - Tkinter╟Ф╠╬: 8.6
2025-02-26 06:43:19,630 - app - INFO - === о╣мЁпео╒ ===
2025-02-26 06:43:19,633 - app - INFO - ╡ывВо╣мЁ: win32
2025-02-26 06:43:19,633 - app - INFO - Python╟Ф╠╬: 3.12.9
2025-02-26 06:43:19,634 - app - INFO - Tkinter╟Ф╠╬: 8.6
2025-02-26 06:53:34,189 - app - INFO - === о╣мЁпео╒ ===
2025-02-26 06:53:34,190 - app - INFO - ╡ывВо╣мЁ: win32
2025-02-26 06:53:34,190 - app - INFO - Python╟Ф╠╬: 3.12.9
2025-02-26 06:53:34,190 - app - INFO - Tkinter╟Ф╠╬: 8.6
2025-02-26 06:55:36,926 - app - INFO - === о╣мЁпео╒ ===
2025-02-26 06:55:36,927 - app - INFO - ╡ывВо╣мЁ: win32
2025-02-26 06:55:36,927 - app - INFO - Python╟Ф╠╬: 3.12.9
2025-02-26 06:55:36,927 - app - INFO - Tkinter╟Ф╠╬: 8.6
2025-02-26 06:56:23,199 - app - INFO - === о╣мЁпео╒ ===
2025-02-26 06:56:23,199 - app - INFO - ╡ывВо╣мЁ: win32
2025-02-26 06:56:23,200 - app - INFO - Python╟Ф╠╬: 3.12.9
2025-02-26 06:56:23,200 - app - INFO - Tkinter╟Ф╠╬: 8.6
2025-02-26 06:58:12,120 - app - INFO - === о╣мЁпео╒ ===
2025-02-26 06:58:12,120 - app - INFO - ╡ывВо╣мЁ: win32
2025-02-26 06:58:12,120 - app - INFO - Python╟Ф╠╬: 3.12.9
2025-02-26 06:58:12,120 - app - INFO - Tkinter╟Ф╠╬: 8.6
2025-02-26 07:01:20,794 - app - INFO - === о╣мЁпео╒ ===
2025-02-26 07:01:20,794 - app - INFO - ╡ывВо╣мЁ: win32
2025-02-26 07:01:20,794 - app - INFO - Python╟Ф╠╬: 3.12.9
2025-02-26 07:01:20,794 - app - INFO - Tkinter╟Ф╠╬: 8.6
2025-02-26 07:02:31,728 - app - INFO - === о╣мЁпео╒ ===
2025-02-26 07:02:31,728 - app - INFO - ╡ывВо╣мЁ: win32
2025-02-26 07:02:31,728 - app - INFO - Python╟Ф╠╬: 3.12.9
2025-02-26 07:02:31,728 - app - INFO - Tkinter╟Ф╠╬: 8.6
2025-02-26 07:05:16,926 - app - INFO - === о╣мЁпео╒ ===
2025-02-26 07:05:16,926 - app - INFO - ╡ывВо╣мЁ: win32
2025-02-26 07:05:16,926 - app - INFO - Python╟Ф╠╬: 3.12.9
2025-02-26 07:05:16,926 - app - INFO - Tkinter╟Ф╠╬: 8.6
2025-02-26 07:07:13,754 - app - INFO - === о╣мЁпео╒ ===
2025-02-26 07:07:13,762 - app - INFO - ╡ывВо╣мЁ: win32
2025-02-26 07:07:13,762 - app - INFO - Python╟Ф╠╬: 3.12.9
2025-02-26 07:07:13,762 - app - INFO - Tkinter╟Ф╠╬: 8.6
2025-02-26 07:13:01,131 - app - INFO - === о╣мЁпео╒ ===
2025-02-26 07:13:01,132 - app - INFO - ╡ывВо╣мЁ: win32
2025-02-26 07:13:01,132 - app - INFO - Python╟Ф╠╬: 3.12.9
2025-02-26 07:13:01,132 - app - INFO - Tkinter╟Ф╠╬: 8.6
2025-02-26 07:13:36,740 - app - INFO - === о╣мЁпео╒ ===
2025-02-26 07:13:36,740 - app - INFO - ╡ывВо╣мЁ: win32
2025-02-26 07:13:36,740 - app - INFO - Python╟Ф╠╬: 3.12.9
2025-02-26 07:13:36,740 - app - INFO - Tkinter╟Ф╠╬: 8.6
2025-02-26 07:13:59,396 - app - INFO - === о╣мЁпео╒ ===
2025-02-26 07:13:59,396 - app - INFO - ╡ывВо╣мЁ: win32
2025-02-26 07:13:59,396 - app - INFO - Python╟Ф╠╬: 3.12.9
2025-02-26 07:13:59,396 - app - INFO - Tkinter╟Ф╠╬: 8.6
2025-02-26 07:16:21,692 - app - INFO - === о╣мЁпео╒ ===
2025-02-26 07:16:21,693 - app - INFO - ╡ывВо╣мЁ: win32
2025-02-26 07:16:21,693 - app - INFO - Python╟Ф╠╬: 3.12.9
2025-02-26 07:16:21,693 - app - INFO - Tkinter╟Ф╠╬: 8.6
2025-02-26 07:17:28,138 - app - INFO - === о╣мЁпео╒ ===
2025-02-26 07:17:28,139 - app - INFO - ╡ывВо╣мЁ: win32
2025-02-26 07:17:28,139 - app - INFO - Python╟Ф╠╬: 3.12.9
2025-02-26 07:17:28,139 - app - INFO - Tkinter╟Ф╠╬: 8.6
2025-02-26 07:20:36,003 - app - INFO - === о╣мЁпео╒ ===
2025-02-26 07:20:36,003 - app - INFO - ╡ывВо╣мЁ: win32
2025-02-26 07:20:36,003 - app - INFO - Python╟Ф╠╬: 3.12.9
2025-02-26 07:20:36,003 - app - INFO - Tkinter╟Ф╠╬: 8.6
2025-02-26 07:29:32,900 - INFO - app - === ГЁ╩Г╩÷Д©║Ф│╞ ===
2025-02-26 07:29:32,900 - INFO - app - Ф⌠█Д╫°ГЁ╩Г╩÷: win32
2025-02-26 07:29:32,900 - INFO - app - PythonГ┴┬Ф°╛: 3.12.9
2025-02-26 07:29:32,900 - INFO - app - TkinterГ┴┬Ф°╛: 8.6
2025-02-26 07:33:56,631 - INFO - app - === ГЁ╩Г╩÷Д©║Ф│╞ ===
2025-02-26 07:33:56,631 - INFO - app - Ф⌠█Д╫°ГЁ╩Г╩÷: win32
2025-02-26 07:33:56,631 - INFO - app - PythonГ┴┬Ф°╛: 3.12.9
2025-02-26 07:33:56,631 - INFO - app - TkinterГ┴┬Ф°╛: 8.6
2025-02-26 07:43:24,465 - INFO - app - === ГЁ╩Г╩÷Д©║Ф│╞ ===
2025-02-26 07:43:24,465 - INFO - app - Ф⌠█Д╫°ГЁ╩Г╩÷: win32
2025-02-26 07:43:24,465 - INFO - app - PythonГ┴┬Ф°╛: 3.12.9
2025-02-26 07:43:24,465 - INFO - app - TkinterГ┴┬Ф°╛: 8.6
2025-02-26 07:44:34,666 - INFO - app - === ГЁ╩Г╩÷Д©║Ф│╞ ===
2025-02-26 07:44:34,666 - INFO - app - Ф⌠█Д╫°ГЁ╩Г╩÷: win32
2025-02-26 07:44:34,666 - INFO - app - PythonГ┴┬Ф°╛: 3.12.9
2025-02-26 07:44:34,666 - INFO - app - TkinterГ┴┬Ф°╛: 8.6
2025-02-26 07:47:52,272 - INFO - app - === ГЁ╩Г╩÷Д©║Ф│╞ ===
2025-02-26 07:47:52,273 - INFO - app - Ф⌠█Д╫°ГЁ╩Г╩÷: win32
2025-02-26 07:47:52,273 - INFO - app - PythonГ┴┬Ф°╛: 3.12.9
2025-02-26 07:47:52,273 - INFO - app - TkinterГ┴┬Ф°╛: 8.6
2025-02-26 07:48:21,544 - INFO - app - === ГЁ╩Г╩÷Д©║Ф│╞ ===
2025-02-26 07:48:21,544 - INFO - app - Ф⌠█Д╫°ГЁ╩Г╩÷: win32
2025-02-26 07:48:21,544 - INFO - app - PythonГ┴┬Ф°╛: 3.12.9
2025-02-26 07:48:21,544 - INFO - app - TkinterГ┴┬Ф°╛: 8.6
2025-02-26 07:50:44,778 - INFO - app - === ГЁ╩Г╩÷Д©║Ф│╞ ===
2025-02-26 07:50:44,778 - INFO - app - Ф⌠█Д╫°ГЁ╩Г╩÷: win32
2025-02-26 07:50:44,778 - INFO - app - PythonГ┴┬Ф°╛: 3.12.9
2025-02-26 07:50:44,778 - INFO - app - TkinterГ┴┬Ф°╛: 8.6
2025-02-26 07:52:01,625 - INFO - app - === ГЁ╩Г╩÷Д©║Ф│╞ ===
2025-02-26 07:52:01,625 - INFO - app - Ф⌠█Д╫°ГЁ╩Г╩÷: win32
2025-02-26 07:52:01,625 - INFO - app - PythonГ┴┬Ф°╛: 3.12.9
2025-02-26 07:52:01,625 - INFO - app - TkinterГ┴┬Ф°╛: 8.6
2025-02-26 08:05:59,363 - INFO - app - === ГЁ╩Г╩÷Д©║Ф│╞ ===
2025-02-26 08:05:59,366 - INFO - app - Ф⌠█Д╫°ГЁ╩Г╩÷: win32
2025-02-26 08:05:59,366 - INFO - app - PythonГ┴┬Ф°╛: 3.12.9
2025-02-26 08:05:59,366 - INFO - app - TkinterГ┴┬Ф°╛: 8.6
2025-02-26 08:07:59,724 - INFO - app - === ГЁ╩Г╩÷Д©║Ф│╞ ===
2025-02-26 08:07:59,724 - INFO - app - Ф⌠█Д╫°ГЁ╩Г╩÷: win32
2025-02-26 08:07:59,724 - INFO - app - PythonГ┴┬Ф°╛: 3.12.9
2025-02-26 08:07:59,724 - INFO - app - TkinterГ┴┬Ф°╛: 8.6
2025-02-26 08:09:15,229 - INFO - app - === ГЁ╩Г╩÷Д©║Ф│╞ ===
2025-02-26 08:09:15,229 - INFO - app - Ф⌠█Д╫°ГЁ╩Г╩÷: win32
2025-02-26 08:09:15,229 - INFO - app - PythonГ┴┬Ф°╛: 3.12.9
2025-02-26 08:09:15,229 - INFO - app - TkinterГ┴┬Ф°╛: 8.6
2025-02-26 08:11:59,115 - INFO - app - === ГЁ╩Г╩÷Д©║Ф│╞ ===
2025-02-26 08:11:59,115 - INFO - app - Ф⌠█Д╫°ГЁ╩Г╩÷: win32
2025-02-26 08:11:59,115 - INFO - app - PythonГ┴┬Ф°╛: 3.12.9
2025-02-26 08:11:59,115 - INFO - app - TkinterГ┴┬Ф°╛: 8.6
2025-02-26 08:14:06,357 - INFO - app - === ГЁ╩Г╩÷Д©║Ф│╞ ===
2025-02-26 08:14:06,357 - INFO - app - Ф⌠█Д╫°ГЁ╩Г╩÷: win32
2025-02-26 08:14:06,357 - INFO - app - PythonГ┴┬Ф°╛: 3.12.9
2025-02-26 08:14:06,357 - INFO - app - TkinterГ┴┬Ф°╛: 8.6
2025-02-26 08:14:36,374 - INFO - app - === ГЁ╩Г╩÷Д©║Ф│╞ ===
2025-02-26 08:14:36,374 - INFO - app - Ф⌠█Д╫°ГЁ╩Г╩÷: win32
2025-02-26 08:14:36,374 - INFO - app - PythonГ┴┬Ф°╛: 3.12.9
2025-02-26 08:14:36,374 - INFO - app - TkinterГ┴┬Ф°╛: 8.6
2025-02-26 08:17:31,093 - INFO - app - === ГЁ╩Г╩÷Д©║Ф│╞ ===
2025-02-26 08:17:31,094 - INFO - app - Ф⌠█Д╫°ГЁ╩Г╩÷: win32
2025-02-26 08:17:31,094 - INFO - app - PythonГ┴┬Ф°╛: 3.12.9
2025-02-26 08:17:31,094 - INFO - app - TkinterГ┴┬Ф°╛: 8.6
2025-02-26 08:18:32,277 - INFO - app - === ГЁ╩Г╩÷Д©║Ф│╞ ===
2025-02-26 08:18:32,278 - INFO - app - Ф⌠█Д╫°ГЁ╩Г╩÷: win32
2025-02-26 08:18:32,278 - INFO - app - PythonГ┴┬Ф°╛: 3.12.9
2025-02-26 08:18:32,278 - INFO - app - TkinterГ┴┬Ф°╛: 8.6
2025-02-26 08:23:47,198 - INFO - app - === ГЁ╩Г╩÷Д©║Ф│╞ ===
2025-02-26 08:23:47,198 - INFO - app - Ф⌠█Д╫°ГЁ╩Г╩÷: win32
2025-02-26 08:23:47,198 - INFO - app - PythonГ┴┬Ф°╛: 3.12.9
2025-02-26 08:23:47,198 - INFO - app - TkinterГ┴┬Ф°╛: 8.6
2025-02-26 08:25:50,415 - INFO - app - === ГЁ╩Г╩÷Д©║Ф│╞ ===
2025-02-26 08:25:50,416 - INFO - app - Ф⌠█Д╫°ГЁ╩Г╩÷: win32
2025-02-26 08:25:50,416 - INFO - app - PythonГ┴┬Ф°╛: 3.12.9
2025-02-26 08:25:50,416 - INFO - app - TkinterГ┴┬Ф°╛: 8.6
2025-02-26 08:31:01,270 - INFO - app - === ГЁ╩Г╩÷Д©║Ф│╞ ===
2025-02-26 08:31:01,270 - INFO - app - Ф⌠█Д╫°ГЁ╩Г╩÷: win32
2025-02-26 08:31:01,270 - INFO - app - PythonГ┴┬Ф°╛: 3.12.9
2025-02-26 08:31:01,270 - INFO - app - TkinterГ┴┬Ф°╛: 8.6
2025-02-26 08:40:52,097 - INFO - app - === ГЁ╩Г╩÷Д©║Ф│╞ ===
2025-02-26 08:40:52,097 - INFO - app - Ф⌠█Д╫°ГЁ╩Г╩÷: win32
2025-02-26 08:40:52,097 - INFO - app - PythonГ┴┬Ф°╛: 3.12.9
2025-02-26 08:40:52,097 - INFO - app - TkinterГ┴┬Ф°╛: 8.6
2025-02-26 08:44:27,575 - INFO - app - === ГЁ╩Г╩÷Д©║Ф│╞ ===
2025-02-26 08:44:27,575 - INFO - app - Ф⌠█Д╫°ГЁ╩Г╩÷: win32
2025-02-26 08:44:27,575 - INFO - app - PythonГ┴┬Ф°╛: 3.12.9
2025-02-26 08:44:27,575 - INFO - app - TkinterГ┴┬Ф°╛: 8.6
2025-02-26 08:44:55,575 - INFO - app - === ГЁ╩Г╩÷Д©║Ф│╞ ===
2025-02-26 08:44:55,575 - INFO - app - Ф⌠█Д╫°ГЁ╩Г╩÷: win32
2025-02-26 08:44:55,575 - INFO - app - PythonГ┴┬Ф°╛: 3.12.9
2025-02-26 08:44:55,575 - INFO - app - TkinterГ┴┬Ф°╛: 8.6
2025-02-26 08:50:10,911 - INFO - app - === ГЁ╩Г╩÷Д©║Ф│╞ ===
2025-02-26 08:50:10,911 - INFO - app - Ф⌠█Д╫°ГЁ╩Г╩÷: win32
2025-02-26 08:50:10,911 - INFO - app - PythonГ┴┬Ф°╛: 3.12.9
2025-02-26 08:50:10,911 - INFO - app - TkinterГ┴┬Ф°╛: 8.6
2025-02-26 08:51:02,985 - INFO - app - === ГЁ╩Г╩÷Д©║Ф│╞ ===
2025-02-26 08:51:02,985 - INFO - app - Ф⌠█Д╫°ГЁ╩Г╩÷: win32
2025-02-26 08:51:02,985 - INFO - app - PythonГ┴┬Ф°╛: 3.12.9
2025-02-26 08:51:02,985 - INFO - app - TkinterГ┴┬Ф°╛: 8.6
2025-02-26 08:54:29,784 - INFO - app - === ГЁ╩Г╩÷Д©║Ф│╞ ===
2025-02-26 08:54:29,784 - INFO - app - Ф⌠█Д╫°ГЁ╩Г╩÷: win32
2025-02-26 08:54:29,784 - INFO - app - PythonГ┴┬Ф°╛: 3.12.9
2025-02-26 08:54:29,784 - INFO - app - TkinterГ┴┬Ф°╛: 8.6
